mode: set
github.com/SGNL-ai/fabricator/pkg/parser/parser.go:25.41,31.44 2 1
github.com/SGNL-ai/fabricator/pkg/parser/parser.go:31.44,35.3 1 0
github.com/SGNL-ai/fabricator/pkg/parser/parser.go:37.2,37.15 1 1
github.com/SGNL-ai/fabricator/pkg/parser/parser.go:41.37,45.16 3 1
github.com/SGNL-ai/fabricator/pkg/parser/parser.go:45.16,47.3 1 0
github.com/SGNL-ai/fabricator/pkg/parser/parser.go:49.2,52.76 2 1
github.com/SGNL-ai/fabricator/pkg/parser/parser.go:52.76,54.3 1 0
github.com/SGNL-ai/fabricator/pkg/parser/parser.go:56.2,57.16 2 1
github.com/SGNL-ai/fabricator/pkg/parser/parser.go:57.16,59.3 1 0
github.com/SGNL-ai/fabricator/pkg/parser/parser.go:61.2,62.12 2 1
github.com/SGNL-ai/fabricator/pkg/parser/parser.go:66.32,69.16 2 1
github.com/SGNL-ai/fabricator/pkg/parser/parser.go:69.16,71.3 1 1
github.com/SGNL-ai/fabricator/pkg/parser/parser.go:74.2,75.16 2 1
github.com/SGNL-ai/fabricator/pkg/parser/parser.go:75.16,77.3 1 1
github.com/SGNL-ai/fabricator/pkg/parser/parser.go:80.2,82.16 3 1
github.com/SGNL-ai/fabricator/pkg/parser/parser.go:82.16,84.3 1 0
github.com/SGNL-ai/fabricator/pkg/parser/parser.go:87.2,88.16 2 1
github.com/SGNL-ai/fabricator/pkg/parser/parser.go:88.16,90.3 1 1
github.com/SGNL-ai/fabricator/pkg/parser/parser.go:92.2,92.12 1 1
github.com/SGNL-ai/fabricator/pkg/parser/parser.go:96.52,97.21 1 1
github.com/SGNL-ai/fabricator/pkg/parser/parser.go:97.21,99.40 1 1
github.com/SGNL-ai/fabricator/pkg/parser/parser.go:99.40,101.4 1 0
github.com/SGNL-ai/fabricator/pkg/parser/parser.go:105.2,107.16 3 1
github.com/SGNL-ai/fabricator/pkg/parser/parser.go:107.16,109.3 1 1
github.com/SGNL-ai/fabricator/pkg/parser/parser.go:113.2,114.16 2 1
github.com/SGNL-ai/fabricator/pkg/parser/parser.go:114.16,116.3 1 0
github.com/SGNL-ai/fabricator/pkg/parser/parser.go:118.2,120.16 3 1
github.com/SGNL-ai/fabricator/pkg/parser/parser.go:120.16,122.3 1 0
github.com/SGNL-ai/fabricator/pkg/parser/parser.go:125.2,126.16 2 1
github.com/SGNL-ai/fabricator/pkg/parser/parser.go:126.16,128.65 1 1
github.com/SGNL-ai/fabricator/pkg/parser/parser.go:128.65,130.4 1 1
github.com/SGNL-ai/fabricator/pkg/parser/parser.go:131.3,131.56 1 0
github.com/SGNL-ai/fabricator/pkg/parser/parser.go:134.2,134.12 1 1
github.com/SGNL-ai/fabricator/pkg/parser/parser.go:138.35,139.25 1 1
github.com/SGNL-ai/fabricator/pkg/parser/parser.go:139.25,141.3 1 1
github.com/SGNL-ai/fabricator/pkg/parser/parser.go:143.2,143.37 1 1
github.com/SGNL-ai/fabricator/pkg/parser/parser.go:143.37,145.3 1 1
github.com/SGNL-ai/fabricator/pkg/parser/parser.go:148.2,148.48 1 1
github.com/SGNL-ai/fabricator/pkg/parser/parser.go:148.48,149.30 1 1
github.com/SGNL-ai/fabricator/pkg/parser/parser.go:149.30,151.4 1 1
github.com/SGNL-ai/fabricator/pkg/parser/parser.go:153.3,153.34 1 1
github.com/SGNL-ai/fabricator/pkg/parser/parser.go:153.34,155.4 1 1
github.com/SGNL-ai/fabricator/pkg/parser/parser.go:158.3,160.42 3 1
github.com/SGNL-ai/fabricator/pkg/parser/parser.go:160.42,161.21 1 1
github.com/SGNL-ai/fabricator/pkg/parser/parser.go:161.21,164.5 2 1
github.com/SGNL-ai/fabricator/pkg/parser/parser.go:167.3,167.19 1 1
github.com/SGNL-ai/fabricator/pkg/parser/parser.go:167.19,170.4 1 1
github.com/SGNL-ai/fabricator/pkg/parser/parser.go:174.3,174.30 1 1
github.com/SGNL-ai/fabricator/pkg/parser/parser.go:174.30,177.4 1 0
github.com/SGNL-ai/fabricator/pkg/parser/parser.go:181.2,182.16 2 1
github.com/SGNL-ai/fabricator/pkg/parser/parser.go:182.16,184.3 1 0
github.com/SGNL-ai/fabricator/pkg/parser/parser.go:186.2,186.12 1 1
github.com/SGNL-ai/fabricator/pkg/parser/parser.go:190.48,191.42 1 1
github.com/SGNL-ai/fabricator/pkg/parser/parser.go:191.42,194.3 1 1
github.com/SGNL-ai/fabricator/pkg/parser/parser.go:198.2,214.54 3 1
github.com/SGNL-ai/fabricator/pkg/parser/parser.go:214.54,215.42 1 1
github.com/SGNL-ai/fabricator/pkg/parser/parser.go:215.42,217.33 1 1
github.com/SGNL-ai/fabricator/pkg/parser/parser.go:217.33,229.5 1 1
github.com/SGNL-ai/fabricator/pkg/parser/parser.go:232.4,243.5 2 1
github.com/SGNL-ai/fabricator/pkg/parser/parser.go:248.2,258.53 5 1
github.com/SGNL-ai/fabricator/pkg/parser/parser.go:258.53,260.24 1 1
github.com/SGNL-ai/fabricator/pkg/parser/parser.go:260.24,263.38 2 1
github.com/SGNL-ai/fabricator/pkg/parser/parser.go:263.38,265.16 2 1
github.com/SGNL-ai/fabricator/pkg/parser/parser.go:265.16,269.14 2 1
github.com/SGNL-ai/fabricator/pkg/parser/parser.go:273.5,273.36 1 1
github.com/SGNL-ai/fabricator/pkg/parser/parser.go:273.36,277.6 1 1
github.com/SGNL-ai/fabricator/pkg/parser/parser.go:282.4,282.12 1 1
github.com/SGNL-ai/fabricator/pkg/parser/parser.go:286.3,286.28 1 1
github.com/SGNL-ai/fabricator/pkg/parser/parser.go:286.28,290.12 2 0
github.com/SGNL-ai/fabricator/pkg/parser/parser.go:294.3,294.30 1 1
github.com/SGNL-ai/fabricator/pkg/parser/parser.go:294.30,297.12 2 0
github.com/SGNL-ai/fabricator/pkg/parser/parser.go:300.3,300.28 1 1
github.com/SGNL-ai/fabricator/pkg/parser/parser.go:300.28,303.12 2 0
github.com/SGNL-ai/fabricator/pkg/parser/parser.go:307.3,316.65 3 1
github.com/SGNL-ai/fabricator/pkg/parser/parser.go:316.65,319.4 2 1
github.com/SGNL-ai/fabricator/pkg/parser/parser.go:321.3,321.63 1 1
github.com/SGNL-ai/fabricator/pkg/parser/parser.go:321.63,324.4 2 1
github.com/SGNL-ai/fabricator/pkg/parser/parser.go:327.3,327.61 1 1
github.com/SGNL-ai/fabricator/pkg/parser/parser.go:327.61,328.67 1 1
github.com/SGNL-ai/fabricator/pkg/parser/parser.go:328.67,331.5 2 0
github.com/SGNL-ai/fabricator/pkg/parser/parser.go:334.3,334.57 1 1
github.com/SGNL-ai/fabricator/pkg/parser/parser.go:334.57,335.65 1 0
github.com/SGNL-ai/fabricator/pkg/parser/parser.go:335.65,338.5 2 0
github.com/SGNL-ai/fabricator/pkg/parser/parser.go:342.3,342.17 1 1
github.com/SGNL-ai/fabricator/pkg/parser/parser.go:342.17,346.4 1 1
github.com/SGNL-ai/fabricator/pkg/parser/parser.go:348.3,348.15 1 1
github.com/SGNL-ai/fabricator/pkg/parser/parser.go:348.15,352.4 1 0
github.com/SGNL-ai/fabricator/pkg/parser/parser.go:355.3,355.29 1 1
github.com/SGNL-ai/fabricator/pkg/parser/parser.go:355.29,356.12 1 1
github.com/SGNL-ai/fabricator/pkg/parser/parser.go:360.3,363.43 2 1
github.com/SGNL-ai/fabricator/pkg/parser/parser.go:363.43,367.44 1 1
github.com/SGNL-ai/fabricator/pkg/parser/parser.go:367.44,371.5 1 1
github.com/SGNL-ai/fabricator/pkg/parser/parser.go:372.9,379.78 3 1
github.com/SGNL-ai/fabricator/pkg/parser/parser.go:379.78,384.5 1 1
github.com/SGNL-ai/fabricator/pkg/parser/parser.go:387.4,391.46 2 1
github.com/SGNL-ai/fabricator/pkg/parser/parser.go:391.46,393.5 1 1
github.com/SGNL-ai/fabricator/pkg/parser/parser.go:398.2,398.35 1 1
github.com/SGNL-ai/fabricator/pkg/parser/parser.go:398.35,403.44 2 1
github.com/SGNL-ai/fabricator/pkg/parser/parser.go:403.44,405.4 1 1
github.com/SGNL-ai/fabricator/pkg/parser/parser.go:407.3,410.36 2 1
github.com/SGNL-ai/fabricator/pkg/parser/parser.go:413.2,413.12 1 1
